Arguments: 
  /home/richardjunio/.nvm/versions/node/v12.15.0/bin/node /usr/share/yarn/bin/yarn.js

PATH: 
  /home/richardjunio/.zinit/polaris/bin:/home/richardjunio/.nvm/versions/node/v12.15.0/bin:/usr/local/sbin:/usr/local/bin:/usr/sbin:/usr/bin:/sbin:/bin:/usr/games:/usr/local/games:/snap/bin

Yarn version: 
  1.21.1

Node version: 
  12.15.0

Platform: 
  linux x64

Trace: 
  SyntaxError: /home/richardjunio/Documentos/bootcamp/react/clone_facebook/package.json: Unexpected token } in JSON at position 710
      at JSON.parse (<anonymous>)
      at /usr/share/yarn/lib/cli.js:1625:59
      at Generator.next (<anonymous>)
      at step (/usr/share/yarn/lib/cli.js:310:30)
      at /usr/share/yarn/lib/cli.js:321:13

npm manifest: 
  {
    "name": "clone_facebook",
    "version": "1.0.0",
    "main": "index.js",
    "license": "MIT",
    "scripts": {
      "build": "webpack --mode production",
      "dev": "webpack-dev-server --mode development"
    },
    "devDependencies": {
      "@babel/core": "^7.8.4",
      "@babel/plugin-proposal-class-properties": "^7.8.3",
      "@babel/preset-env": "^7.8.4",
      "@babel/preset-react": "^7.8.3",
      "babel-loader": "^8.0.6",
      "css-loader": "^3.4.2",
      "file-loader": "^5.1.0",
      "style-loader": "^1.1.3",
      "webpack": "^4.41.6",
      "webpack-cli": "^3.3.11",
      "webpack-dev-server": "^3.10.3"
    },
    "dependencies": {
      "prop-types": "^15.7.2",
      "react": "^16.12.0",
      "react-dom": "^16.12.0"
    }
  }
  }

yarn manifest: 
  No manifest

Lockfile: 
  No lockfile
